{
"/Users/chartzoge/Desktop/test_coverage/server/test_me.js":{"path":"/Users/chartzoge/Desktop/test_coverage/server/test_me.js","s":{"1":0,"2":0,"3":0,"4":0},"b":{"1":[0,0]},"f":{"1":0},"fnMap":{"1":{"name":"doThing","line":4,"loc":{"start":{"line":3,"column":17},"end":{"line":4,"column":28}}}},"statementMap":{"1":{"start":{"line":3,"column":0},"end":{"line":3,"column":0}},"2":{"start":{"line":5,"column":8},"end":{"line":7,"column":9}},"3":{"start":{"line":6,"column":12},"end":{"line":6,"column":12}},"4":{"start":{"line":9,"column":8},"end":{"line":9,"column":8}}},"branchMap":{"1":{"line":5,"type":"if","locations":[{"start":{"line":5,"column":8},"end":{"line":5,"column":8}},{"start":{"line":5,"column":8},"end":{"line":5,"column":8}}]}},"l":{"3":0,"5":0,"6":0,"9":0}}}
