{
"/Users/chartzoge/Desktop/test_coverage/client/test_me.js":{"path":"/Users/chartzoge/Desktop/test_coverage/client/test_me.js","s":{"1":0,"2":0,"3":0,"4":0},"b":{"1":[0,0]},"f":{"1":0},"fnMap":{"1":{"name":"doThing","line":16,"loc":{"start":{"line":14,"column":13},"end":{"line":14,"column":38}}}},"statementMap":{"1":{"start":{"line":13,"column":0},"end":{"line":13,"column":0}},"2":{"start":{"line":15,"column":8},"end":{"line":17,"column":9}},"3":{"start":{"line":16,"column":12},"end":{"line":16,"column":12}},"4":{"start":{"line":19,"column":8},"end":{"line":19,"column":8}}},"branchMap":{"1":{"line":17,"type":"if","locations":[{"start":{"line":15,"column":8},"end":{"line":15,"column":8}},{"start":{"line":15,"column":8},"end":{"line":15,"column":8}}]}},"l":{"13":0,"15":0,"16":0,"19":0}}}
